  	checktoolarch x86
  	cd D:\git-repo\WRK-V1.2-VS-SLN\BASE\NTOS\rtl\BUILD
  	cd D:\git-repo\WRK-V1.2-VS-SLN\BASE\NTOS\config\BUILD
  	cd D:\git-repo\WRK-V1.2-VS-SLN\BASE\NTOS\ex\BUILD
  	cd D:\git-repo\WRK-V1.2-VS-SLN\BASE\NTOS\ob\BUILD
  	cd D:\git-repo\WRK-V1.2-VS-SLN\BASE\NTOS\se\BUILD
  	cd D:\git-repo\WRK-V1.2-VS-SLN\BASE\NTOS\mm\BUILD
  	cd D:\git-repo\WRK-V1.2-VS-SLN\BASE\NTOS\ke\BUILD
  	cd D:\git-repo\WRK-V1.2-VS-SLN\BASE\NTOS\ps\BUILD
  	cd D:\git-repo\WRK-V1.2-VS-SLN\BASE\NTOS\io\iomgr\BUILD
  	cd D:\git-repo\WRK-V1.2-VS-SLN\BASE\NTOS\io\BUILD
  	cd D:\git-repo\WRK-V1.2-VS-SLN\BASE\NTOS\cache\BUILD
  	cd D:\git-repo\WRK-V1.2-VS-SLN\BASE\NTOS\lpc\BUILD
  	cd D:\git-repo\WRK-V1.2-VS-SLN\BASE\NTOS\dbgk\BUILD
  	cd D:\git-repo\WRK-V1.2-VS-SLN\BASE\NTOS\raw\BUILD
  	cd D:\git-repo\WRK-V1.2-VS-SLN\BASE\NTOS\fstub\BUILD
  	cd D:\git-repo\WRK-V1.2-VS-SLN\BASE\NTOS\fsrtl\BUILD
  	cd D:\git-repo\WRK-V1.2-VS-SLN\BASE\NTOS\wmi\BUILD
  	cd D:\git-repo\WRK-V1.2-VS-SLN\BASE\NTOS\perf\BUILD
  	cd D:\git-repo\WRK-V1.2-VS-SLN\BASE\NTOS\init\BUILD
  
  D:\git-repo\WRK-V1.2-VS-SLN\BASE\NTOS\init\BUILD>xcopy obji386\ntkrnlmp.obj D:\git-repo\WRK-V1.2-VS-SLN\BASE\NTOS\BUILD\obji386\ /Y 
  obji386\ntkrnlmp.obj
  1 File(s) copied
  	cd D:\git-repo\WRK-V1.2-VS-SLN\BASE\NTOS\BUILD
  	copy ..\init\ntoskrnl.src+..\init\i386def.src obji386\wrkx86.pp
  ..\init\NTOSKRNL.SRC
  ..\init\I386DEF.SRC
          1 file(s) copied.
  	cl.exe -nologo -Zl -Zp8 -Gy -cbstring -W3 -WX -GR- -GF -GS -Gm- -Gz -GX- -G6 -Ze -Gi- -QIfdiv- -Zi -Od -Oy- -I..\i386 -I. -ID:\git-repo\WRK-V1.2-VS-SLN\BASE\NTOS\BUILD -ID:\git-repo\WRK-V1.2-VS-SLN\BASE\NTOS\inc -ID:\git-repo\WRK-V1.2-VS-SLN\BASE\NTOS\..\..\public\ddk\inc -ID:\git-repo\WRK-V1.2-VS-SLN\BASE\NTOS\..\..\public\internal\ds\inc -ID:\git-repo\WRK-V1.2-VS-SLN\BASE\NTOS\..\..\public\internal\sdktools\inc  -ID:\git-repo\WRK-V1.2-VS-SLN\BASE\NTOS\..\inc -ID:\git-repo\WRK-V1.2-VS-SLN\BASE\NTOS\..\..\public\internal\base\inc -ID:\git-repo\WRK-V1.2-VS-SLN\BASE\NTOS\..\..\public\sdk\inc -ID:\git-repo\WRK-V1.2-VS-SLN\BASE\NTOS\..\..\public\sdk\inc\crt -ID:\git-repo\WRK-V1.2-VS-SLN\BASE\NTOS\..\..\public\halkit\inc -Foobji386\ -D_X86_=1 -Di386=1 -DSTD_CALL -DFPO=0 -DCONDITION_HANDLING=1 -DNT_INST=0 -DWIN32=100 -D_NT1X_=100 -DWINNT=1  -D_WIN32_WINNT=0x0502 -DWINVER=0x0502 -D_WIN32_IE=0x0603 -DWIN32_LEAN_AND_MEAN=1 -DDBG=0 -DDEVL=1  -D__BUILDMACHINE__=WRK1.2(university) -DNDEBUG  -D_NTSYSTEM_ -DNT_SMT -DNTOS_KERNEL_RUNTIME=1  -EP obji386\wrkx86.pp > EXE\wrkx86.def
  wrkx86.pp
  	del obji386\wrkx86.pp
  	lib.exe -nologo -LIBPATH:D:\git-repo\WRK-V1.2-VS-SLN\BASE\NTOS\BUILD\obji386 -LIBPATH:PREBUILT\i386  -IGNORE:4010,4037,4039,4065,4070,4078,4087,4089,4221,4198 -WX -nodefaultlib -machine:x86 -IGNORE:4001 obji386\*.lib ntoswrk.lib -def:EXE\wrkx86.def -out:EXE\wrkx86.lib
     Creating library EXE\wrkx86.lib and object EXE\wrkx86.exp
  	lib.exe -nologo -LIBPATH:D:\git-repo\WRK-V1.2-VS-SLN\BASE\NTOS\BUILD\obji386 -LIBPATH:PREBUILT\i386 EXE\wrkx86.lib ntosarch.lib -out:EXE\wrkx86.lib
  	link.exe -nologo -IGNORE:4087,4001,4010,4037,4039,4065,4070,4078,4087,4089,4221,4198 -WX -NODEFAULTLIB -machine:x86 -LIBPATH:D:\git-repo\WRK-V1.2-VS-SLN\BASE\NTOS\BUILD\obji386 -LIBPATH:PREBUILT\i386 -release -version:5.2 -osversion:5.2 -subsystem:native,5.02 -merge:PAGECONST=PAGE -merge:INITCONST=INIT -merge:INITDATA=INIT -merge:PAGELKCONST=PAGELK  -merge:PAGEVRFY_CONST=PAGEVRFY -MERGE:_PAGE=PAGE -MERGE:_TEXT=.text -merge:.rdata=.text -SECTION:INIT,d -OPT:REF -OPT:ICF -INCREMENTAL:NO  -FULLBUILD -debug -safeseh -functionpadmin:5 -debugtype:cv,fixup       -STACK:0x40000,0x2000 -align:0x1000 -opt:nowin98 -pdbcompress -driver -out:EXE\wrkx86.exe -map:EXE\wrkx86.map -pdb:EXE\wrkx86.pdb -entry:KiSystemStartup@4  -stub:PREBUILT\i386\stub512.com PREBUILT\i386\ntoskrnl.res obji386\ntkrnlmp.obj obji386\*.lib ntoswrk.lib hal.lib EXE\wrkx86.exp bootvid.lib sdbapint.lib kdcom.lib
  	link.exe -edit -nologo -section:.rsrc,!d EXE\wrkx86.exe
  
